<?xml version="1.0" encoding="UTF-8" ?>
<testsuite errors="1" failures="0" hostname="ubuntu" name="gov.nih.nci.ncicb.cadsr.loader.test.parser.XMIParserTest" tests="1" time="0.0" timestamp="2010-02-10T00:15:12">
  <properties>
    <property name="java.vendor" value="Sun Microsystems Inc." />
    <property name="lib.dir" value="./lib" />
    <property name="db.db.url.prod" value="jdbc:oracle:thin:@cbdb-d1001.nci.nih.gov:1551:DSRPROD" />
    <property name="db.db.siw.user" value="THE_SIW" />
    <property name="sun.java.launcher" value="SUN_STANDARD" />
    <property name="sun.management.compiler" value="HotSpot Server Compiler" />
    <property name="docs.dir" value="./javadoc" />
    <property name="jnlp.dir" value="./jnlp" />
    <property name="target.env" value="default" />
    <property name="os.name" value="Linux" />
    <property name="db.db.siw.passwd.prod" value="d2iw9prd1" />
    <property name="sun.boot.class.path" value="/home/bediako/apps/jdk1.5.0_22/jre/lib/rt.jar:/home/bediako/apps/jdk1.5.0_22/jre/lib/i18n.jar:/home/bediako/apps/jdk1.5.0_22/jre/lib/sunrsasign.jar:/home/bediako/apps/jdk1.5.0_22/jre/lib/jsse.jar:/home/bediako/apps/jdk1.5.0_22/jre/lib/jce.jar:/home/bediako/apps/jdk1.5.0_22/jre/lib/charsets.jar:/home/bediako/apps/jdk1.5.0_22/jre/classes" />
    <property name="sun.desktop" value="gnome" />
    <property name="java.vm.specification.vendor" value="Sun Microsystems Inc." />
    <property name="ant.home" value="/usr/share/ant" />
    <property name="java.runtime.version" value="1.5.0_22-b03" />
    <property name="scpPath.dir" value="/home/bediako/work/semanticTools/${SCP.PATH}/siw" />
    <property name="user.name" value="bediako" />
    <property name="user.language" value="en" />
    <property name="class.dir" value="./classes" />
    <property name="sun.boot.library.path" value="/home/bediako/apps/jdk1.5.0_22/jre/lib/i386" />
    <property name="ant.project.name" value="UML Loader / SIW" />
    <property name="java.version" value="1.5.0_22" />
    <property name="user.timezone" value="" />
    <property name="ant.file.UML Loader / SIW" value="/home/bediako/work/semanticTools/build.xml" />
    <property name="sun.arch.data.model" value="32" />
    <property name="test.src.dir" value="test/src" />
    <property name="db.db.siw.passwd.qa" value="THE_SIW" />
    <property name="java.endorsed.dirs" value="/home/bediako/apps/jdk1.5.0_22/jre/lib/endorsed" />
    <property name="sun.cpu.isalist" value="" />
    <property name="sun.jnu.encoding" value="ANSI_X3.4-1968" />
    <property name="file.encoding.pkg" value="sun.io" />
    <property name="file.separator" value="/" />
    <property name="java.specification.name" value="Java Platform API Specification" />
    <property name="db.db.siw.passwd.local" value="THE_SIW" />
    <property name="java.class.version" value="49.0" />
    <property name="db.db.loader.user" value="UMLLDR" />
    <property name="user.country" value="US" />
    <property name="java.home" value="/home/bediako/apps/jdk1.5.0_22/jre" />
    <property name="dist.dir" value="./dist" />
    <property name="PROP.FILE" value="/home/bediako/work/semanticTools/default.properties" />
    <property name="java.vm.info" value="mixed mode" />
    <property name="ant.file" value="/home/bediako/work/semanticTools/build.xml" />
    <property name="os.version" value="2.6.31-17-generic" />
    <property name="path.separator" value=":" />
    <property name="java.vm.version" value="1.5.0_22-b03" />
    <property name="ant.library.dir" value="/usr/share/ant/lib" />
    <property name="sqlsuite.dir" value="./test/sqlsuite" />
    <property name="java.awt.printerjob" value="sun.print.PSPrinterJob" />
    <property name="sun.io.unicode.encoding" value="UnicodeLittle" />
    <property name="user.home" value="/home/bediako" />
    <property name="java.specification.vendor" value="Sun Microsystems Inc." />
    <property name="java.library.path" value="/home/bediako/apps/jdk1.5.0_22/jre/lib/i386/server:/home/bediako/apps/jdk1.5.0_22/jre/lib/i386:/home/bediako/apps/jdk1.5.0_22/jre/../lib/i386" />
    <property name="java.vendor.url" value="http://java.sun.com/" />
    <property name="java.vm.vendor" value="Sun Microsystems Inc." />
    <property name="java.runtime.name" value="Java(TM) 2 Runtime Environment, Standard Edition" />
    <property name="java.class.path" value="/home/bediako/work/semanticTools/classes:/home/bediako/work/semanticTools/lib/acegi-security-1.0.4.jar:/home/bediako/work/semanticTools/lib/activation.jar:/home/bediako/work/semanticTools/lib/antlr-2.7.6.jar:/home/bediako/work/semanticTools/lib/aopalliance.jar:/home/bediako/work/semanticTools/lib/asm.jar:/home/bediako/work/semanticTools/lib/axis.jar:/home/bediako/work/semanticTools/lib/cacore/LexEVSSecurity.jar:/home/bediako/work/semanticTools/lib/cacore/MSSOUserValidator.jar:/home/bediako/work/semanticTools/lib/cacore/caDSR-beans.jar:/home/bediako/work/semanticTools/lib/cacore/caGrid-CQL-cql.1.0-1.2.jar:/home/bediako/work/semanticTools/lib/cacore/castor-1.0.2.jar:/home/bediako/work/semanticTools/lib/cacore/cglib-2.1.3.jar:/home/bediako/work/semanticTools/lib/cacore/cog-jglobus.jar:/home/bediako/work/semanticTools/lib/cacore/commons-cli-1.0.jar:/home/bediako/work/semanticTools/lib/cacore/commons-codec-1.3.jar:/home/bediako/work/semanticTools/lib/cacore/commons-discovery-0.2.jar:/home/bediako/work/semanticTools/lib/cacore/commons-lang-2.2.jar:/home/bediako/work/semanticTools/lib/cacore/dlbadapter.jar:/home/bediako/work/semanticTools/lib/cacore/jakarta-regexp-1.4.jar:/home/bediako/work/semanticTools/lib/cacore/jaxrpc.jar:/home/bediako/work/semanticTools/lib/cacore/lexbig.jar:/home/bediako/work/semanticTools/lib/cacore/lexevsapi51-client.jar:/home/bediako/work/semanticTools/lib/cacore/lexevsapi51-framework.jar:/home/bediako/work/semanticTools/lib/cacore/lucene-core-2.4.0.jar:/home/bediako/work/semanticTools/lib/cacore/lucene-regex-2.4.0.jar:/home/bediako/work/semanticTools/lib/cacore/lucene-snowball-2.4.0.jar:/home/bediako/work/semanticTools/lib/cacore/sdk-client-framework.jar:/home/bediako/work/semanticTools/lib/cacore/sdk-security.jar:/home/bediako/work/semanticTools/lib/cadsr-api.jar:/home/bediako/work/semanticTools/lib/cglib-2.1.3.jar:/home/bediako/work/semanticTools/lib/commons-collections-3.2.jar:/home/bediako/work/semanticTools/lib/commons-logging-1.1.jar:/home/bediako/work/semanticTools/lib/commons-pool-1.3.jar:/home/bediako/work/semanticTools/lib/datafile.jar:/home/bediako/work/semanticTools/lib/dbunit-2.4.3-jdk15.jar:/home/bediako/work/semanticTools/lib/dom4j-1.4.jar:/home/bediako/work/semanticTools/lib/ehcache-1.2.3.jar:/home/bediako/work/semanticTools/lib/freemarker.jar:/home/bediako/work/semanticTools/lib/freestylesearch.jar:/home/bediako/work/semanticTools/lib/hibernate3.jar:/home/bediako/work/semanticTools/lib/jakarta-oro-2.0.8.jar:/home/bediako/work/semanticTools/lib/jaxen-core.jar:/home/bediako/work/semanticTools/lib/jaxen-jdom.jar:/home/bediako/work/semanticTools/lib/jcs-1.2.7.9.2.jar:/home/bediako/work/semanticTools/lib/jdom.jar:/home/bediako/work/semanticTools/lib/jmi.jar:/home/bediako/work/semanticTools/lib/jmiutils.jar:/home/bediako/work/semanticTools/lib/js.jar:/home/bediako/work/semanticTools/lib/jta.jar:/home/bediako/work/semanticTools/lib/junit-4.4.jar:/home/bediako/work/semanticTools/lib/log4j-1.2.8.jar:/home/bediako/work/semanticTools/lib/mail.jar:/home/bediako/work/semanticTools/lib/odmg-3.0.jar:/home/bediako/work/semanticTools/lib/ojdbc14.jar:/home/bediako/work/semanticTools/lib/openide-util.jar:/home/bediako/work/semanticTools/lib/poi-3.2-FINAL-20081019.jar:/home/bediako/work/semanticTools/lib/slf4j-api-1.5.6.jar:/home/bediako/work/semanticTools/lib/slf4j-simple-1.5.6.jar:/home/bediako/work/semanticTools/lib/spring-test.jar:/home/bediako/work/semanticTools/lib/spring.jar:/home/bediako/work/semanticTools/lib/xmi.in.out.jar:/usr/share/java/ant-launcher-1.7.1.jar:/usr/share/ant/lib/ant.jar:/usr/share/ant/lib/ant-junit.jar" />
    <property name="ant.version" value="Apache Ant version 1.7.1 compiled on October 19 2009" />
    <property name="db.db.url.qa" value="jdbc:oracle:thin:@cbiodb530.nci.nih.gov:1521:DSRQA" />
    <property name="db.db.loader.passwd" value="${db.passwd}" />
    <property name="db.db.siw.passwd.sandbox" value="THE_SIW" />
    <property name="db.db.siw.passwd.dev" value="THE_SIW" />
    <property name="java.vm.specification.name" value="Java Virtual Machine Specification" />
    <property name="java.vm.specification.version" value="1.0" />
    <property name="sun.cpu.endian" value="little" />
    <property name="sun.os.patch.level" value="unknown" />
    <property name="java.io.tmpdir" value="/tmp" />
    <property name="java.vendor.url.bug" value="http://java.sun.com/cgi-bin/bugreport.cgi" />
    <property name="db.db.url.sandbox" value="jdbc:oracle:thin:@cbiodb20.nci.nih.gov:1521:UMLSTG" />
    <property name="os.arch" value="i386" />
    <property name="java.awt.graphicsenv" value="sun.awt.X11GraphicsEnvironment" />
    <property name="java.ext.dirs" value="/home/bediako/apps/jdk1.5.0_22/jre/lib/ext" />
    <property name="user.dir" value="/home/bediako/work/semanticTools" />
    <property name="db.db.url.dev" value="jdbc:oracle:thin:@cbiodb540.nci.nih.gov:1551:DSRDEV" />
    <property name="available.cadsr" value="true" />
    <property name="db.db.url.local" value="jdbc:oracle:thin:@cbvdb-c1001.nci.nih.gov:1521:MDRSB" />
    <property name="db.db.siw.passwd.stg" value="d21w4stg" />
    <property name="line.separator" value="
" />
    <property name="java.vm.name" value="Java HotSpot(TM) Server VM" />
    <property name="basedir" value="/home/bediako/work/semanticTools" />
    <property name="ant.java.version" value="1.5" />
    <property name="config.dir" value="properties" />
    <property name="ant.core.lib" value="/usr/share/ant/lib/ant.jar" />
    <property name="file.encoding" value="ANSI_X3.4-1968" />
    <property name="java.specification.version" value="1.5" />
    <property name="src.dir" value="src" />
    <property name="images.dir" value="./images" />
    <property name="db.db.url.stg" value="jdbc:oracle:thin:@cbdb-s1001.nci.nih.gov:1551:DSRSTG" />
  </properties>
  <error message="gov.nih.nci.ncicb.cadsr.loader.test.parser.XMIParserTest" type="java.lang.ClassNotFoundException">java.lang.ClassNotFoundException: gov.nih.nci.ncicb.cadsr.loader.test.parser.XMIParserTest
	at java.net.URLClassLoader$1.run(URLClassLoader.java:200)
	at java.security.AccessController.doPrivileged(Native Method)
	at java.net.URLClassLoader.findClass(URLClassLoader.java:188)
	at java.lang.ClassLoader.loadClass(ClassLoader.java:307)
	at sun.misc.Launcher$AppClassLoader.loadClass(Launcher.java:268)
	at java.lang.ClassLoader.loadClass(ClassLoader.java:252)
	at java.lang.ClassLoader.loadClassInternal(ClassLoader.java:320)
	at java.lang.Class.forName0(Native Method)
	at java.lang.Class.forName(Class.java:164)
</error>
  <system-out><![CDATA[]]></system-out>
  <system-err><![CDATA[]]></system-err>
</testsuite>
